<?xml version="1.0" encoding="UTF-8"?>
<testsuite xmlns:xsi="http://www.w3.org/2001/XMLSchema-instance" xsi:noNamespaceSchemaLocation="https://maven.apache.org/surefire/maven-surefire-plugin/xsd/surefire-test-report.xsd" name="com.flefel.CodingExercise.interactors.OffersSearchValidatorUseCaseTest" time="0.798" tests="9" errors="0" skipped="0" failures="0">
  <properties>
[...]
</properties>
  <testcase name="givenInvalidDateRangeThenExceptionMustReturned" classname="com.flefel.CodingExercise.interactors.OffersSearchValidatorUseCaseTest" time="0.217"/>
  <testcase name="givenInvalidDateMaxRatingThenExceptionMustReturned" classname="com.flefel.CodingExercise.interactors.OffersSearchValidatorUseCaseTest" time="0.065"/>
  <testcase name="givenInvalidLengthOfStayThenExceptionMustReturned" classname="com.flefel.CodingExercise.interactors.OffersSearchValidatorUseCaseTest" time="0.054"/>
  <testcase name="givenInvalidDateMaxTotalRatingThenExceptionMustReturned" classname="com.flefel.CodingExercise.interactors.OffersSearchValidatorUseCaseTest" time="0.055"/>
  <testcase name="givenValidSearchParametersThenNothing" classname="com.flefel.CodingExercise.interactors.OffersSearchValidatorUseCaseTest" time="0"/>
  <testcase name="givenInvalidDateMaxGuestRatingThenExceptionMustReturned" classname="com.flefel.CodingExercise.interactors.OffersSearchValidatorUseCaseTest" time="0.051"/>
  <testcase name="givenInvalidDateMinTotalRatingThenExceptionMustReturned" classname="com.flefel.CodingExercise.interactors.OffersSearchValidatorUseCaseTest" time="0.053"/>
  <testcase name="givenInvalidDateMinGuestRatingThenExceptionMustReturned" classname="com.flefel.CodingExercise.interactors.OffersSearchValidatorUseCaseTest" time="0.045"/>
  <testcase name="givenInvalidDateMinRatingThenExceptionMustReturned" classname="com.flefel.CodingExercise.interactors.OffersSearchValidatorUseCaseTest" time="0.054"/>
</testsuite>